OpenROAD 41a51eaf4ca2171c92ff38afb91eb37bbd3f36da 
This program is licensed under the BSD-3 license. See the LICENSE file for details.
Components of this program may be licensed under more restrictive licenses which must be honored.
[INFO]: Reading ODB at '/openlane/designs/uart_tx/runs/RUN_2025.12.14_11.55.58/tmp/15-uart_tx.odb'…
define_corners Slowest Typical Fastest
read_liberty -corner Slowest /home/sjh/.ciel/sky130A/libs.ref/sky130_fd_sc_hd/lib/sky130_fd_sc_hd__ss_100C_1v60.lib
read_liberty -corner Typical /home/sjh/.ciel/sky130A/libs.ref/sky130_fd_sc_hd/lib/sky130_fd_sc_hd__tt_025C_1v80.lib
read_liberty -corner Fastest /home/sjh/.ciel/sky130A/libs.ref/sky130_fd_sc_hd/lib/sky130_fd_sc_hd__ff_n40C_1v95.lib
Using 1e-12 for capacitance...
Using 1e+03 for resistance...
Using 1e-09 for time...
Using 1e+00 for voltage...
Using 1e-03 for current...
Using 1e-09 for power...
Using 1e-06 for distance...
Reading design constraints file at '/openlane/designs/uart_tx/runs/RUN_2025.12.14_11.55.58/tmp/15-uart_tx.sdc'…
[INFO]: Setting signal min routing layer to: met1 and clock min routing layer to met3. 
[INFO]: Setting signal max routing layer to: met5 and clock max routing layer to met5. 
-congestion_iterations 50 -verbose -congestion_report_file /openlane/designs/uart_tx/runs/RUN_2025.12.14_11.55.58/tmp/routing/resizer-routing-timing-congestion.rpt
[INFO GRT-0020] Min routing layer: met1
[INFO GRT-0021] Max routing layer: met5
[INFO GRT-0022] Global adjustment: 30%
[INFO GRT-0023] Grid origin: (0, 0)
[INFO GRT-0043] No OR_DEFAULT vias defined.
[INFO GRT-0088] Layer li1     Track-Pitch = 0.4600  line-2-Via Pitch: 0.3400
[INFO GRT-0088] Layer met1    Track-Pitch = 0.3400  line-2-Via Pitch: 0.3400
[INFO GRT-0088] Layer met2    Track-Pitch = 0.4600  line-2-Via Pitch: 0.3500
[INFO GRT-0088] Layer met3    Track-Pitch = 0.6800  line-2-Via Pitch: 0.6150
[INFO GRT-0088] Layer met4    Track-Pitch = 0.9200  line-2-Via Pitch: 1.0400
[INFO GRT-0088] Layer met5    Track-Pitch = 3.4000  line-2-Via Pitch: 3.1100
[INFO GRT-0019] Found 6 clock nets.
[INFO GRT-0001] Minimum degree: 2
[INFO GRT-0002] Maximum degree: 11
[INFO GRT-0003] Macros: 0
[INFO GRT-0004] Blockages: 508

[INFO GRT-0053] Routing resources analysis:
          Routing      Original      Derated      Resource
Layer     Direction    Resources     Resources    Reduction (%)
---------------------------------------------------------------
li1        Vertical            0             0          0.00%
met1       Horizontal       8820          4671          47.04%
met2       Vertical         6615          4493          32.08%
met3       Horizontal       4410          3111          29.46%
met4       Vertical         2646          1613          39.04%
met5       Horizontal        882           400          54.65%
---------------------------------------------------------------

[INFO GRT-0197] Via related to pin nodes: 781
[INFO GRT-0198] Via related Steiner nodes: 10
[INFO GRT-0199] Via filling finished.
[INFO GRT-0111] Final number of vias: 854
[INFO GRT-0112] Final usage 3D: 3142

[INFO GRT-0096] Final congestion report:
Layer         Resource        Demand        Usage (%)    Max H / Max V / Total Overflow
---------------------------------------------------------------------------------------
li1                  0             0            0.00%             0 /  0 /  0
met1              4671           282            6.04%             0 /  0 /  0
met2              4493           282            6.28%             0 /  0 /  0
met3              3111             6            0.19%             0 /  0 /  0
met4              1613            10            0.62%             0 /  0 /  0
met5               400             0            0.00%             0 /  0 /  0
---------------------------------------------------------------------------------------
Total            14288           580            4.06%             0 /  0 /  0

[INFO GRT-0018] Total wirelength: 6837 um
[INFO GRT-0014] Routed nets: 203
[INFO]: Setting RC values...
[INFO RSZ-0033] No hold violations found.
Placement Analysis
---------------------------------
total displacement          0.0 u
average displacement        0.0 u
max displacement            0.0 u
original HPWL            3670.5 u
legalized HPWL           3840.4 u
delta HPWL                    5 %

[INFO DPL-0020] Mirrored 80 instances
[INFO DPL-0021] HPWL before            3840.4 u
[INFO DPL-0022] HPWL after             3670.5 u
[INFO DPL-0023] HPWL delta               -4.4 %
Setting global connections for newly added cells…
Writing OpenROAD database to '/openlane/designs/uart_tx/runs/RUN_2025.12.14_11.55.58/tmp/17-uart_tx.odb'…
Writing netlist to '/openlane/designs/uart_tx/runs/RUN_2025.12.14_11.55.58/tmp/17-uart_tx.nl.v'…
Writing powered netlist to '/openlane/designs/uart_tx/runs/RUN_2025.12.14_11.55.58/tmp/17-uart_tx.pnl.v'…
Writing layout to '/openlane/designs/uart_tx/runs/RUN_2025.12.14_11.55.58/tmp/17-uart_tx.def'…
Writing timing constraints to '/openlane/designs/uart_tx/runs/RUN_2025.12.14_11.55.58/tmp/17-uart_tx.sdc'…
area_report

===========================================================================
report_design_area
============================================================================
Design area 2511 u^2 14% utilization.
area_report_end
