
===========================================================================
 report_power
============================================================================
======================= Fastest Corner ===================================

Group                  Internal  Switching    Leakage      Total
                          Power      Power      Power      Power (Watts)
----------------------------------------------------------------
Sequential             1.00e-04   2.42e-05   1.59e-07   1.25e-04  34.4%
Combinational          1.39e-04   9.92e-05   2.73e-09   2.38e-04  65.6%
Macro                  0.00e+00   0.00e+00   0.00e+00   0.00e+00   0.0%
Pad                    0.00e+00   0.00e+00   0.00e+00   0.00e+00   0.0%
----------------------------------------------------------------
Total                  2.39e-04   1.23e-04   1.61e-07   3.63e-04 100.0%
                          65.9%      34.0%       0.0%

======================= Slowest Corner ===================================

Group                  Internal  Switching    Leakage      Total
                          Power      Power      Power      Power (Watts)
----------------------------------------------------------------
Sequential             6.75e-05   1.57e-05   6.33e-07   8.39e-05  33.7%
Combinational          9.97e-05   6.42e-05   9.00e-07   1.65e-04  66.3%
Macro                  0.00e+00   0.00e+00   0.00e+00   0.00e+00   0.0%
Pad                    0.00e+00   0.00e+00   0.00e+00   0.00e+00   0.0%
----------------------------------------------------------------
Total                  1.67e-04   7.99e-05   1.53e-06   2.49e-04 100.0%
                          67.2%      32.1%       0.6%

======================= Typical Corner ===================================

Group                  Internal  Switching    Leakage      Total
                          Power      Power      Power      Power (Watts)
----------------------------------------------------------------
Sequential             8.68e-05   2.02e-05   1.59e-07   1.07e-04  34.2%
Combinational          1.23e-04   8.30e-05   1.80e-09   2.06e-04  65.8%
Macro                  0.00e+00   0.00e+00   0.00e+00   0.00e+00   0.0%
Pad                    0.00e+00   0.00e+00   0.00e+00   0.00e+00   0.0%
----------------------------------------------------------------
Total                  2.10e-04   1.03e-04   1.60e-07   3.13e-04 100.0%
                          67.0%      32.9%       0.1%

