
===========================================================================
report_checks -unconstrained
===========================================================================
======================= Typical Corner ===================================

Startpoint: rst_n (input port clocked by clk)
Endpoint: _225_ (recovery check against rising-edge clock clk)
Path Group: asynchronous
Path Type: max

Fanout     Cap    Slew   Delay    Time   Description
-----------------------------------------------------------------------------
                          0.00    0.00   clock clk (rise edge)
                          0.00    0.00   clock network delay (propagated)
                          4.00    4.00 ^ input external delay
                  0.02    0.01    4.01 ^ rst_n (in)
     1    0.00                           rst_n (net)
                  0.02    0.00    4.01 ^ input9/A (sky130_fd_sc_hd__buf_1)
                  0.14    0.15    4.16 ^ input9/X (sky130_fd_sc_hd__buf_1)
     1    0.01                           net9 (net)
                  0.14    0.00    4.16 ^ fanout16/A (sky130_fd_sc_hd__buf_2)
                  0.19    0.26    4.42 ^ fanout16/X (sky130_fd_sc_hd__buf_2)
     7    0.04                           net16 (net)
                  0.19    0.00    4.42 ^ fanout15/A (sky130_fd_sc_hd__clkbuf_4)
                  0.16    0.29    4.71 ^ fanout15/X (sky130_fd_sc_hd__clkbuf_4)
    10    0.05                           net15 (net)
                  0.16    0.00    4.71 ^ _225_/SET_B (sky130_fd_sc_hd__dfstp_1)
                                  4.71   data arrival time

                         20.00   20.00   clock clk (rise edge)
                          0.00   20.00   clock source latency
                  0.09    0.06   20.06 ^ clk (in)
     1    0.02                           clk (net)
                  0.09    0.00   20.06 ^ clkbuf_0_clk/A (sky130_fd_sc_hd__clkbuf_16)
                  0.06    0.15   20.21 ^ clkbuf_0_clk/X (sky130_fd_sc_hd__clkbuf_16)
     4    0.04                           clknet_0_clk (net)
                  0.06    0.00   20.21 ^ clkbuf_2_1__f_clk/A (sky130_fd_sc_hd__clkbuf_16)
                  0.05    0.13   20.34 ^ clkbuf_2_1__f_clk/X (sky130_fd_sc_hd__clkbuf_16)
    10    0.03                           clknet_2_1__leaf_clk (net)
                  0.05    0.00   20.34 ^ _225_/CLK (sky130_fd_sc_hd__dfstp_1)
                         -0.25   20.09   clock uncertainty
                          0.00   20.09   clock reconvergence pessimism
                          0.13   20.22   library recovery time
                                 20.22   data required time
-----------------------------------------------------------------------------
                                 20.22   data required time
                                 -4.71   data arrival time
-----------------------------------------------------------------------------
                                 15.51   slack (MET)


Startpoint: _225_ (rising edge-triggered flip-flop clocked by clk)
Endpoint: tx_out (output port clocked by clk)
Path Group: clk
Path Type: max

Fanout     Cap    Slew   Delay    Time   Description
-----------------------------------------------------------------------------
                          0.00    0.00   clock clk (rise edge)
                          0.00    0.00   clock source latency
                  0.09    0.06    0.06 ^ clk (in)
     1    0.02                           clk (net)
                  0.09    0.00    0.06 ^ clkbuf_0_clk/A (sky130_fd_sc_hd__clkbuf_16)
                  0.06    0.17    0.23 ^ clkbuf_0_clk/X (sky130_fd_sc_hd__clkbuf_16)
     4    0.04                           clknet_0_clk (net)
                  0.06    0.00    0.23 ^ clkbuf_2_1__f_clk/A (sky130_fd_sc_hd__clkbuf_16)
                  0.05    0.15    0.38 ^ clkbuf_2_1__f_clk/X (sky130_fd_sc_hd__clkbuf_16)
    10    0.03                           clknet_2_1__leaf_clk (net)
                  0.05    0.00    0.38 ^ _225_/CLK (sky130_fd_sc_hd__dfstp_1)
                  0.21    0.65    1.03 ^ _225_/Q (sky130_fd_sc_hd__dfstp_1)
     2    0.02                           net12 (net)
                  0.21    0.00    1.03 ^ output12/A (sky130_fd_sc_hd__clkbuf_4)
                  0.11    0.25    1.29 ^ output12/X (sky130_fd_sc_hd__clkbuf_4)
     1    0.03                           tx_out (net)
                  0.11    0.00    1.29 ^ tx_out (out)
                                  1.29   data arrival time

                         20.00   20.00   clock clk (rise edge)
                          0.00   20.00   clock network delay (propagated)
                         -0.25   19.75   clock uncertainty
                          0.00   19.75   clock reconvergence pessimism
                         -4.00   15.75   output external delay
                                 15.75   data required time
-----------------------------------------------------------------------------
                                 15.75   data required time
                                 -1.29   data arrival time
-----------------------------------------------------------------------------
                                 14.46   slack (MET)




===========================================================================
report_checks --slack_max -0.01
============================================================================
======================= Typical Corner ===================================

No paths found.


===========================================================================
 report_check_types -max_slew -max_cap -max_fanout -violators
============================================================================
======================= Typical Corner ===================================



===========================================================================
report_parasitic_annotation -report_unannotated
============================================================================
Found 0 unannotated drivers.
Found 0 partially unannotated drivers.

===========================================================================
max slew violation count 0
max fanout violation count 0
max cap violation count 0
============================================================================

===========================================================================
check_setup -verbose -unconstrained_endpoints -multiple_clock -no_clock -no_input_delay -loops -generated_clocks
===========================================================================
