Instance name,  X location,  Y location,  Voltage 
input2, 130.375, 136, 9.2025e-05
FILLER_0_46_272, 130.375, 136, 9.2025e-05
FILLER_0_45_273, 130.375, 130.56, 9.10812e-05
FILLER_0_43_273, 130.375, 125.12, 9.18258e-05
FILLER_0_41_273, 130.375, 119.68, 9.17521e-05
FILLER_0_39_273, 130.375, 114.24, 9.23737e-05
FILLER_0_37_273, 130.375, 108.8, 9.30568e-05
FILLER_0_35_273, 130.375, 103.36, 9.38103e-05
FILLER_0_33_273, 130.375, 97.92, 9.46436e-05
FILLER_0_31_273, 130.375, 92.48, 9.59343e-05
FILLER_0_29_273, 130.375, 87.04, 9.81881e-05
FILLER_0_27_273, 130.375, 81.6, 0.000100573
FILLER_0_25_273, 130.375, 76.16, 0.000103109
FILLER_0_23_273, 130.375, 70.72, 0.000105819
FILLER_0_21_273, 130.375, 65.28, 0.000109835
FILLER_0_19_273, 130.375, 59.84, 0.000117875
FILLER_0_15_269, 130.375, 54.4, 0.000148724
FILLER_0_17_273, 130.375, 54.4, 0.000148724
FILLER_0_13_270, 130.375, 48.96, 0.00015829
FILLER_0_15_277, 130.375, 48.96, 0.00015829
_149_, 130.375, 38.08, 0.000201882
FILLER_0_11_273, 130.375, 38.08, 0.000201882
_173_, 130.375, 32.64, 0.000169062
FILLER_0_9_274, 130.375, 32.64, 0.000169062
_171_, 130.375, 27.2, 0.000173342
hold3, 130.375, 27.2, 0.000173342
hold18, 130.375, 27.2, 0.000173342
FILLER_0_5_270, 130.375, 27.2, 0.000173342
hold7, 130.375, 21.76, 0.000179554
FILLER_0_0_277, 130.375, 10.88, 0.000174876
FILLER_0_1_277, 130.375, 10.88, 0.000174876
FILLER_0_46_193, 95.645, 136, 8.9632e-05
FILLER_0_44_189, 95.645, 130.56, 8.82207e-05
FILLER_0_42_189, 95.645, 125.12, 8.82694e-05
FILLER_0_40_189, 95.645, 119.68, 8.82391e-05
FILLER_0_38_189, 95.645, 114.24, 8.83528e-05
FILLER_0_36_189, 95.645, 108.8, 8.84952e-05
FILLER_0_34_189, 95.645, 103.36, 8.86725e-05
FILLER_0_32_189, 95.645, 97.92, 8.88918e-05
FILLER_0_30_189, 95.645, 92.48, 8.93665e-05
FILLER_0_28_189, 95.645, 87.04, 9.02975e-05
FILLER_0_26_189, 95.645, 81.6, 9.13323e-05
FILLER_0_24_189, 95.645, 76.16, 9.24714e-05
FILLER_0_22_189, 95.645, 70.72, 9.37391e-05
_113_, 95.645, 65.28, 0.000100107
_114_, 95.645, 65.28, 0.000100107
_118_, 95.645, 59.84, 0.00011415
hold23, 95.645, 59.84, 0.00011415
FILLER_0_18_186, 95.645, 59.84, 0.00011415
_122_, 95.645, 54.4, 0.000164355
_123_, 95.645, 54.4, 0.000164355
_209_, 95.645, 54.4, 0.000164355
_224_, 95.645, 54.4, 0.000164355
_225_, 95.645, 54.4, 0.000164355
hold19, 95.645, 54.4, 0.000164355
hold24, 95.645, 54.4, 0.000164355
FILLER_0_16_184, 95.645, 54.4, 0.000164355
_131_, 95.645, 48.96, 0.000169455
FILLER_0_13_191, 95.645, 48.96, 0.000169455
FILLER_0_14_192, 95.645, 48.96, 0.000169455
FILLER_0_14_197, 95.645, 48.96, 0.000169455
_126_, 95.645, 43.52, 0.000186595
_128_, 95.645, 43.52, 0.000186595
_144_, 95.645, 43.52, 0.000186595
_202_, 95.645, 43.52, 0.000186595
_248_, 95.645, 43.52, 0.000186595
hold1, 95.645, 43.52, 0.000186595
FILLER_0_12_191, 95.645, 43.52, 0.000186595
_200_, 95.645, 38.08, 0.000221113
_206_, 95.645, 38.08, 0.000221113
_207_, 95.645, 38.08, 0.000221113
_246_, 95.645, 38.08, 0.000221113
clkbuf_0_clk, 95.645, 38.08, 0.000221113
_190_, 95.645, 32.64, 0.000172697
_201_, 95.645, 32.64, 0.000172697
_237_, 95.645, 32.64, 0.000172697
_239_, 95.645, 32.64, 0.000172697
FILLER_0_8_197, 95.645, 32.64, 0.000172697
_183_, 95.645, 27.2, 0.000172149
_193_, 95.645, 27.2, 0.000172149
_236_, 95.645, 27.2, 0.000172149
hold8, 95.645, 27.2, 0.000172149
hold12, 95.645, 27.2, 0.000172149
_138_, 95.645, 21.76, 0.000174025
_139_, 95.645, 21.76, 0.000174025
_187_, 95.645, 21.76, 0.000174025
_245_, 95.645, 21.76, 0.000174025
fanout16, 95.645, 21.76, 0.000174025
hold9, 95.645, 21.76, 0.000174025
hold13, 95.645, 21.76, 0.000174025
_157_, 95.645, 16.32, 0.000193055
_196_, 95.645, 16.32, 0.000193055
_232_, 95.645, 16.32, 0.000193055
fanout13, 95.645, 16.32, 0.000193055
hold16, 95.645, 16.32, 0.000193055
_158_, 95.645, 10.88, 0.000180019
_185_, 95.645, 10.88, 0.000180019
_230_, 95.645, 10.88, 0.000180019
input1, 95.645, 10.88, 0.000180019
FILLER_0_0_188, 95.645, 10.88, 0.000180019
FILLER_0_0_203, 95.645, 10.88, 0.000180019
FILLER_0_46_109, 60.915, 136, 8.97465e-05
FILLER_0_44_133, 60.915, 130.56, 8.42191e-05
FILLER_0_42_133, 60.915, 125.12, 8.37347e-05
FILLER_0_40_133, 60.915, 119.68, 8.2822e-05
FILLER_0_38_133, 60.915, 114.24, 8.18858e-05
FILLER_0_36_133, 60.915, 108.8, 8.08943e-05
FILLER_0_34_133, 60.915, 103.36, 7.98372e-05
FILLER_0_32_133, 60.915, 97.92, 7.87035e-05
FILLER_0_30_133, 60.915, 92.48, 7.72772e-05
FILLER_0_28_133, 60.915, 87.04, 7.47391e-05
FILLER_0_26_133, 60.915, 81.6, 7.21677e-05
FILLER_0_24_133, 60.915, 76.16, 6.9408e-05
FILLER_0_22_133, 60.915, 70.72, 6.64152e-05
FILLER_0_20_133, 60.915, 65.28, 6.59468e-05
FILLER_0_18_133, 60.915, 59.84, 8.02585e-05
_116_, 60.915, 54.4, 9.74764e-05
FILLER_0_14_133, 60.915, 48.96, 0.000112354
FILLER_0_12_133, 60.915, 43.52, 0.000122234
FILLER_0_10_133, 60.915, 38.08, 0.000141959
FILLER_0_8_133, 60.915, 32.64, 0.000127596
FILLER_0_6_133, 60.915, 27.2, 0.000139461
FILLER_0_4_133, 60.915, 21.76, 0.000127566
FILLER_0_2_133, 60.915, 16.32, 0.00013225
FILLER_0_46_53, 26.185, 136, 9.86131e-05
FILLER_0_46_57, 26.185, 136, 9.86131e-05
FILLER_0_45_51, 26.185, 130.56, 8.34507e-05
FILLER_0_43_51, 26.185, 125.12, 8.26017e-05
FILLER_0_41_51, 26.185, 119.68, 8.1446e-05
FILLER_0_39_51, 26.185, 114.24, 8.02663e-05
FILLER_0_37_51, 26.185, 108.8, 7.90518e-05
FILLER_0_35_51, 26.185, 103.36, 7.77975e-05
FILLER_0_33_51, 26.185, 97.92, 7.64981e-05
FILLER_0_31_51, 26.185, 92.48, 7.55244e-05
FILLER_0_29_51, 26.185, 87.04, 7.27053e-05
FILLER_0_27_51, 26.185, 81.6, 7.04301e-05
FILLER_0_25_51, 26.185, 76.16, 6.80889e-05
FILLER_0_23_51, 26.185, 70.72, 6.56776e-05
FILLER_0_21_51, 26.185, 65.28, 6.38206e-05
FILLER_0_19_51, 26.185, 59.84, 6.84613e-05
FILLER_0_17_51, 26.185, 54.4, 7.80555e-05
FILLER_0_15_51, 26.185, 48.96, 8.68598e-05
FILLER_0_13_51, 26.185, 43.52, 9.45422e-05
FILLER_0_11_51, 26.185, 38.08, 0.000103335
FILLER_0_9_51, 26.185, 32.64, 0.00010432
FILLER_0_7_51, 26.185, 27.2, 0.000109459
FILLER_0_5_51, 26.185, 21.76, 0.000107708
FILLER_0_3_51, 26.185, 16.32, 0.000109393
FILLER_0_0_53, 26.185, 10.88, 0.000110012
FILLER_0_1_51, 26.185, 10.88, 0.000110012
PHY_90, 5.52, 136, 0.000119719
PHY_92, 5.52, 136, 0.000119719
output11, 5.52, 136, 0.000119719
PHY_91, 144.44, 136, 9.2025e-05
PHY_93, 144.44, 136, 9.2025e-05
FILLER_0_46_21, 15.852, 136, 0.000109166
output12, 37.761, 136, 0.000103564
FILLER_0_46_137, 72.491, 136, 8.98807e-05
FILLER_0_46_153, 72.491, 136, 8.98807e-05
input7, 84.068, 136, 9.00148e-05
FILLER_0_45_161, 84.068, 136, 9.00148e-05
FILLER_0_46_161, 84.068, 136, 9.00148e-05
FILLER_0_45_217, 107.221, 136, 9.04296e-05
FILLER_0_46_221, 107.221, 136, 9.04296e-05
FILLER_0_46_249, 118.798, 136, 9.12273e-05
FILLER_0_46_253, 118.798, 136, 9.12273e-05
FILLER_0_46_293, 137.407, 136, 9.2025e-05
PHY_86, 5.52, 130.56, 8.34507e-05
PHY_88, 5.52, 130.56, 8.34507e-05
PHY_87, 144.44, 130.56, 9.10812e-05
PHY_89, 144.44, 130.56, 9.10812e-05
FILLER_0_44_77, 37.761, 130.56, 8.37068e-05
FILLER_0_45_105, 49.338, 130.56, 8.3963e-05
FILLER_0_43_161, 84.068, 130.56, 8.68868e-05
FILLER_0_43_217, 107.221, 130.56, 8.91741e-05
FILLER_0_44_245, 118.798, 130.56, 9.01277e-05
FILLER_0_44_289, 137.407, 130.56, 9.10812e-05
FILLER_0_45_293, 137.407, 130.56, 9.10812e-05
PHY_82, 5.52, 125.12, 8.26018e-05
PHY_84, 5.52, 125.12, 8.26018e-05
PHY_83, 144.44, 125.12, 9.23825e-05
PHY_85, 144.44, 125.12, 9.23825e-05
FILLER_0_42_77, 37.761, 125.12, 8.29794e-05
FILLER_0_43_105, 49.338, 125.12, 8.3357e-05
FILLER_0_41_161, 84.068, 125.12, 8.67578e-05
FILLER_0_41_217, 107.221, 125.12, 8.94548e-05
FILLER_0_42_245, 118.798, 125.12, 9.06403e-05
input8, 137.407, 125.12, 9.23825e-05
FILLER_0_43_293, 137.407, 125.12, 9.23825e-05
PHY_78, 5.52, 119.68, 8.14461e-05
PHY_80, 5.52, 119.68, 8.14461e-05
PHY_79, 144.44, 119.68, 9.17522e-05
PHY_81, 144.44, 119.68, 9.17522e-05
FILLER_0_40_77, 37.761, 119.68, 8.19047e-05
FILLER_0_41_105, 49.338, 119.68, 8.23633e-05
FILLER_0_39_161, 84.068, 119.68, 8.64333e-05
FILLER_0_39_217, 107.221, 119.68, 8.941e-05
FILLER_0_40_245, 118.798, 119.68, 9.05811e-05
FILLER_0_40_289, 137.407, 119.68, 9.17521e-05
FILLER_0_41_293, 137.407, 119.68, 9.17521e-05
PHY_74, 5.52, 114.24, 8.02663e-05
PHY_76, 5.52, 114.24, 8.02663e-05
PHY_75, 144.44, 114.24, 9.23737e-05
PHY_77, 144.44, 114.24, 9.23737e-05
FILLER_0_38_77, 37.761, 114.24, 8.08061e-05
FILLER_0_39_105, 49.338, 114.24, 8.1346e-05
FILLER_0_37_161, 84.068, 114.24, 8.61971e-05
FILLER_0_37_217, 107.221, 114.24, 8.96931e-05
FILLER_0_38_245, 118.798, 114.24, 9.10334e-05
FILLER_0_38_289, 137.407, 114.24, 9.23737e-05
FILLER_0_39_293, 137.407, 114.24, 9.23737e-05
PHY_70, 5.52, 108.8, 7.90519e-05
PHY_72, 5.52, 108.8, 7.90519e-05
PHY_71, 144.44, 108.8, 9.30568e-05
PHY_73, 144.44, 108.8, 9.30568e-05
FILLER_0_36_77, 37.761, 108.8, 7.9666e-05
FILLER_0_37_105, 49.338, 108.8, 8.02801e-05
FILLER_0_35_161, 84.068, 108.8, 8.59615e-05
FILLER_0_35_217, 107.221, 108.8, 9.00156e-05
FILLER_0_36_245, 118.798, 108.8, 9.15362e-05
FILLER_0_36_289, 137.407, 108.8, 9.30568e-05
FILLER_0_37_293, 137.407, 108.8, 9.30568e-05
PHY_66, 5.52, 103.36, 7.77976e-05
PHY_68, 5.52, 103.36, 7.77976e-05
PHY_67, 144.44, 103.36, 9.38103e-05
PHY_69, 144.44, 103.36, 9.38103e-05
FILLER_0_34_77, 37.761, 103.36, 7.84774e-05
FILLER_0_35_105, 49.338, 103.36, 7.91573e-05
FILLER_0_33_161, 84.068, 103.36, 8.57273e-05
FILLER_0_33_217, 107.221, 103.36, 9.0385e-05
FILLER_0_34_245, 118.798, 103.36, 9.20976e-05
FILLER_0_34_289, 137.407, 103.36, 9.38103e-05
FILLER_0_35_293, 137.407, 103.36, 9.38103e-05
PHY_62, 5.52, 97.92, 7.64981e-05
PHY_64, 5.52, 97.92, 7.64981e-05
PHY_63, 144.44, 97.92, 9.46437e-05
PHY_65, 144.44, 97.92, 9.46437e-05
FILLER_0_32_77, 37.761, 97.92, 7.72332e-05
FILLER_0_33_105, 49.338, 97.92, 7.79683e-05
FILLER_0_31_161, 84.068, 97.92, 8.54956e-05
FILLER_0_31_217, 107.221, 97.92, 9.0809e-05
FILLER_0_32_245, 118.798, 97.92, 9.27263e-05
FILLER_0_32_289, 137.407, 97.92, 9.46436e-05
FILLER_0_33_293, 137.407, 97.92, 9.46436e-05
PHY_58, 5.52, 92.48, 7.70659e-05
PHY_60, 5.52, 92.48, 7.70659e-05
input3, 5.52, 92.48, 7.70659e-05
PHY_59, 144.44, 92.48, 9.59343e-05
PHY_61, 144.44, 92.48, 9.59343e-05
FILLER_0_30_25, 15.852, 92.48, 7.62952e-05
FILLER_0_30_77, 37.761, 92.48, 7.61087e-05
FILLER_0_31_105, 49.338, 92.48, 7.66929e-05
FILLER_0_29_161, 84.068, 92.48, 8.53367e-05
FILLER_0_29_217, 107.221, 92.48, 9.15557e-05
FILLER_0_30_245, 118.798, 92.48, 9.3745e-05
FILLER_0_30_289, 137.407, 92.48, 9.59343e-05
FILLER_0_31_293, 137.407, 92.48, 9.59343e-05
PHY_54, 5.52, 87.04, 7.27053e-05
PHY_56, 5.52, 87.04, 7.27053e-05
PHY_55, 144.44, 87.04, 9.81882e-05
PHY_57, 144.44, 87.04, 9.81882e-05
FILLER_0_28_77, 37.761, 87.04, 7.33832e-05
FILLER_0_29_105, 49.338, 87.04, 7.40611e-05
FILLER_0_27_161, 84.068, 87.04, 8.51112e-05
FILLER_0_27_217, 107.221, 87.04, 9.29275e-05
FILLER_0_28_245, 118.798, 87.04, 9.55578e-05
FILLER_0_28_289, 137.407, 87.04, 9.81882e-05
FILLER_0_29_293, 137.407, 87.04, 9.81882e-05
PHY_50, 5.52, 81.6, 7.04301e-05
PHY_52, 5.52, 81.6, 7.04301e-05
PHY_51, 144.44, 81.6, 0.000100574
PHY_53, 144.44, 81.6, 0.000100574
FILLER_0_26_77, 37.761, 81.6, 7.10093e-05
FILLER_0_27_105, 49.338, 81.6, 7.15885e-05
FILLER_0_25_161, 84.068, 81.6, 8.49439e-05
FILLER_0_25_217, 107.221, 81.6, 9.44125e-05
FILLER_0_26_245, 118.798, 81.6, 9.7493e-05
FILLER_0_26_289, 137.407, 81.6, 0.000100573
FILLER_0_27_293, 137.407, 81.6, 0.000100573
PHY_46, 5.52, 76.16, 6.8089e-05
PHY_48, 5.52, 76.16, 6.8089e-05
PHY_47, 144.44, 76.16, 0.000103109
PHY_49, 144.44, 76.16, 0.000103109
FILLER_0_24_77, 37.761, 76.16, 6.85286e-05
FILLER_0_25_105, 49.338, 76.16, 6.89683e-05
FILLER_0_23_161, 84.068, 76.16, 8.47834e-05
FILLER_0_23_217, 107.221, 76.16, 9.6017e-05
FILLER_0_24_245, 118.798, 76.16, 9.9563e-05
FILLER_0_24_289, 137.407, 76.16, 0.000103109
FILLER_0_25_293, 137.407, 76.16, 0.000103109
PHY_42, 5.52, 70.72, 6.56776e-05
PHY_44, 5.52, 70.72, 6.56776e-05
PHY_43, 144.44, 70.72, 0.000105819
PHY_45, 144.44, 70.72, 0.000105819
FILLER_0_22_77, 37.761, 70.72, 6.59234e-05
FILLER_0_23_105, 49.338, 70.72, 6.61693e-05
FILLER_0_21_161, 84.068, 70.72, 8.46309e-05
FILLER_0_21_217, 107.221, 70.72, 9.77655e-05
FILLER_0_22_245, 118.798, 70.72, 0.000101792
FILLER_0_22_289, 137.407, 70.72, 0.000105819
FILLER_0_23_293, 137.407, 70.72, 0.000105819
PHY_38, 5.52, 65.28, 6.38206e-05
PHY_40, 5.52, 65.28, 6.38206e-05
PHY_39, 144.44, 65.28, 0.000109835
PHY_41, 144.44, 65.28, 0.000109835
FILLER_0_20_77, 37.761, 65.28, 6.45293e-05
FILLER_0_21_105, 49.338, 65.28, 6.52381e-05
FILLER_0_20_153, 72.491, 65.28, 8.0596e-05
_222_, 84.068, 65.28, 9.52464e-05
_223_, 84.068, 65.28, 9.52464e-05
hold26, 84.068, 65.28, 9.52464e-05
FILLER_0_20_245, 118.798, 65.28, 0.000106593
FILLER_0_20_289, 137.407, 65.28, 0.000109835
FILLER_0_21_293, 137.407, 65.28, 0.000109835
PHY_34, 5.52, 59.84, 6.84614e-05
PHY_36, 5.52, 59.84, 6.84614e-05
PHY_35, 144.44, 59.84, 0.000117875
PHY_37, 144.44, 59.84, 0.000117875
FILLER_0_18_77, 37.761, 59.84, 7.23935e-05
FILLER_0_19_105, 49.338, 59.84, 7.6326e-05
_220_, 72.491, 59.84, 0.000110839
_221_, 72.491, 59.84, 0.000110839
_255_, 72.491, 59.84, 0.000110839
_256_, 72.491, 59.84, 0.000110839
FILLER_0_17_137, 72.491, 59.84, 0.000110839
FILLER_0_18_141, 72.491, 59.84, 0.000110839
FILLER_0_18_153, 72.491, 59.84, 0.000110839
FILLER_0_19_149, 72.491, 59.84, 0.000110839
_112_, 84.068, 59.84, 0.000114919
hold22, 84.068, 59.84, 0.000114919
FILLER_0_17_164, 84.068, 59.84, 0.000114919
FILLER_0_17_169, 84.068, 59.84, 0.000114919
FILLER_0_18_245, 118.798, 59.84, 0.000116633
FILLER_0_18_289, 137.407, 59.84, 0.000117875
FILLER_0_19_293, 137.407, 59.84, 0.000117875
PHY_30, 5.52, 54.4, 7.80555e-05
PHY_32, 5.52, 54.4, 7.80555e-05
PHY_31, 144.44, 54.4, 0.000148724
PHY_33, 144.44, 54.4, 0.000148724
FILLER_0_16_77, 37.761, 54.4, 8.45288e-05
FILLER_0_17_105, 49.338, 54.4, 9.10026e-05
_212_, 72.491, 54.4, 0.000133419
_251_, 72.491, 54.4, 0.000133419
FILLER_0_15_137, 72.491, 54.4, 0.000133419
_117_, 84.068, 54.4, 0.000156066
_210_, 84.068, 54.4, 0.000156066
_250_, 84.068, 54.4, 0.000156066
FILLER_0_15_162, 84.068, 54.4, 0.000156066
_135_, 107.221, 54.4, 0.000176997
_226_, 107.221, 54.4, 0.000176997
FILLER_0_15_211, 107.221, 54.4, 0.000176997
_227_, 118.798, 54.4, 0.000171316
FILLER_0_16_248, 118.798, 54.4, 0.000171316
FILLER_0_16_289, 137.407, 54.4, 0.000148724
FILLER_0_17_293, 137.407, 54.4, 0.000148724
PHY_26, 5.52, 48.96, 8.68599e-05
PHY_28, 5.52, 48.96, 8.68599e-05
PHY_27, 144.44, 48.96, 0.00015829
PHY_29, 144.44, 48.96, 0.00015829
FILLER_0_14_77, 37.761, 48.96, 9.53573e-05
FILLER_0_15_105, 49.338, 48.96, 0.000103855
_213_, 72.491, 48.96, 0.000153407
_214_, 72.491, 48.96, 0.000153407
_252_, 72.491, 48.96, 0.000153407
hold25, 72.491, 48.96, 0.000153407
FILLER_0_13_137, 72.491, 48.96, 0.000153407
_125_, 84.068, 48.96, 0.000174441
_208_, 84.068, 48.96, 0.000174441
_211_, 84.068, 48.96, 0.000174441
_249_, 84.068, 48.96, 0.000174441
hold21, 84.068, 48.96, 0.000174441
FILLER_0_13_161, 84.068, 48.96, 0.000174441
FILLER_0_14_169, 84.068, 48.96, 0.000174441
_129_, 107.221, 48.96, 0.000199444
_130_, 107.221, 48.96, 0.000199444
_132_, 107.221, 48.96, 0.000199444
_133_, 107.221, 48.96, 0.000199444
_143_, 107.221, 48.96, 0.000199444
_148_, 107.221, 48.96, 0.000199444
_229_, 107.221, 48.96, 0.000199444
FILLER_0_13_219, 107.221, 48.96, 0.000199444
FILLER_0_14_212, 107.221, 48.96, 0.000199444
_153_, 118.798, 48.96, 0.00018147
FILLER_0_14_289, 137.407, 48.96, 0.00015829
FILLER_0_15_293, 137.407, 48.96, 0.00015829
PHY_22, 5.52, 43.52, 9.54609e-05
PHY_24, 5.52, 43.52, 9.54609e-05
input6, 5.52, 43.52, 9.54609e-05
PHY_23, 144.44, 43.52, 0.000175589
PHY_25, 144.44, 43.52, 0.000175589
FILLER_0_12_18, 15.852, 43.52, 9.50016e-05
FILLER_0_12_77, 37.761, 43.52, 0.000103772
FILLER_0_13_105, 49.338, 43.52, 0.000113003
_115_, 72.491, 43.52, 0.000162755
_215_, 72.491, 43.52, 0.000162755
_218_, 72.491, 43.52, 0.000162755
_219_, 72.491, 43.52, 0.000162755
_254_, 72.491, 43.52, 0.000162755
hold17, 72.491, 43.52, 0.000162755
_127_, 84.068, 43.52, 0.000180853
_216_, 84.068, 43.52, 0.000180853
_217_, 84.068, 43.52, 0.000180853
fanout14, 84.068, 43.52, 0.000180853
_120_, 107.221, 43.52, 0.00021555
_124_, 107.221, 43.52, 0.00021555
_134_, 107.221, 43.52, 0.00021555
_146_, 107.221, 43.52, 0.00021555
_147_, 107.221, 43.52, 0.00021555
_151_, 107.221, 43.52, 0.00021555
_199_, 107.221, 43.52, 0.00021555
_205_, 107.221, 43.52, 0.00021555
_119_, 118.798, 43.52, 0.000209726
_150_, 118.798, 43.52, 0.000209726
_152_, 118.798, 43.52, 0.000209726
_228_, 118.798, 43.52, 0.000209726
FILLER_0_12_247, 118.798, 43.52, 0.000209726
FILLER_0_12_293, 137.407, 43.52, 0.000175589
FILLER_0_13_293, 137.407, 43.52, 0.000175589
PHY_18, 5.52, 38.08, 0.000103335
PHY_20, 5.52, 38.08, 0.000103335
PHY_19, 144.44, 38.08, 0.000201882
PHY_21, 144.44, 38.08, 0.000201882
FILLER_0_10_77, 37.761, 38.08, 0.000116209
FILLER_0_11_105, 49.338, 38.08, 0.000129084
clkbuf_2_1__f_clk, 72.491, 38.08, 0.000198172
FILLER_0_9_137, 72.491, 38.08, 0.000198172
FILLER_0_9_145, 72.491, 38.08, 0.000198172
FILLER_0_10_153, 72.491, 38.08, 0.000198172
_204_, 84.068, 38.08, 0.000211918
hold20, 84.068, 38.08, 0.000211918
FILLER_0_9_169, 84.068, 38.08, 0.000211918
_121_, 107.221, 38.08, 0.000255785
_141_, 107.221, 38.08, 0.000255785
_197_, 107.221, 38.08, 0.000255785
_198_, 107.221, 38.08, 0.000255785
clkbuf_2_3__f_clk, 107.221, 38.08, 0.000255785
_140_, 118.798, 38.08, 0.000239417
_145_, 118.798, 38.08, 0.000239417
_238_, 118.798, 38.08, 0.000239417
FILLER_0_11_293, 137.407, 38.08, 0.000201882
PHY_14, 5.52, 32.64, 0.00010432
PHY_16, 5.52, 32.64, 0.00010432
PHY_15, 144.44, 32.64, 0.000169062
PHY_17, 144.44, 32.64, 0.000169062
FILLER_0_8_77, 37.761, 32.64, 0.000112078
FILLER_0_9_105, 49.338, 32.64, 0.000119837
_253_, 72.491, 32.64, 0.000153953
_203_, 84.068, 32.64, 0.000169837
_244_, 84.068, 32.64, 0.000169837
_247_, 84.068, 32.64, 0.000169837
hold15, 84.068, 32.64, 0.000169837
FILLER_0_7_161, 84.068, 32.64, 0.000169837
_142_, 107.221, 32.64, 0.000186972
_154_, 107.221, 32.64, 0.000186972
_155_, 107.221, 32.64, 0.000186972
_184_, 107.221, 32.64, 0.000186972
hold4, 107.221, 32.64, 0.000186972
FILLER_0_7_212, 107.221, 32.64, 0.000186972
FILLER_0_7_219, 107.221, 32.64, 0.000186972
_178_, 118.798, 32.64, 0.000185237
_179_, 118.798, 32.64, 0.000185237
_181_, 118.798, 32.64, 0.000185237
_182_, 118.798, 32.64, 0.000185237
hold2, 118.798, 32.64, 0.000185237
FILLER_0_8_249, 118.798, 32.64, 0.000185237
FILLER_0_7_281, 137.407, 32.64, 0.000169062
FILLER_0_8_292, 137.407, 32.64, 0.000169062
FILLER_0_9_293, 137.407, 32.64, 0.000169062
PHY_10, 5.52, 27.2, 0.000109459
PHY_12, 5.52, 27.2, 0.000109459
PHY_11, 144.44, 27.2, 0.000173893
PHY_13, 144.44, 27.2, 0.000173893
FILLER_0_6_77, 37.761, 27.2, 0.000119459
FILLER_0_7_105, 49.338, 27.2, 0.00012946
clkbuf_2_0__f_clk, 72.491, 27.2, 0.000176452
FILLER_0_6_153, 72.491, 27.2, 0.000176452
_242_, 84.068, 27.2, 0.00017738
hold14, 84.068, 27.2, 0.00017738
FILLER_0_5_161, 84.068, 27.2, 0.00017738
_177_, 107.221, 27.2, 0.000177839
_180_, 107.221, 27.2, 0.000177839
_195_, 107.221, 27.2, 0.000177839
hold11, 107.221, 27.2, 0.000177839
FILLER_0_7_225, 107.221, 27.2, 0.000177839
_137_, 118.798, 27.2, 0.000181879
_169_, 118.798, 27.2, 0.000181879
_174_, 118.798, 27.2, 0.000181879
_175_, 118.798, 27.2, 0.000181879
_235_, 118.798, 27.2, 0.000181879
hold6, 118.798, 27.2, 0.000181879
input10, 137.407, 27.2, 0.000173893
FILLER_0_6_291, 137.407, 27.2, 0.000173893
PHY_6, 5.52, 21.76, 0.000107708
PHY_8, 5.52, 21.76, 0.000107708
PHY_7, 144.44, 21.76, 0.000179554
PHY_9, 144.44, 21.76, 0.000179554
FILLER_0_4_77, 37.761, 21.76, 0.000114327
FILLER_0_5_105, 49.338, 21.76, 0.000120947
FILLER_0_4_153, 72.491, 21.76, 0.000145104
_188_, 84.068, 21.76, 0.000162643
_194_, 84.068, 21.76, 0.000162643
_241_, 84.068, 21.76, 0.000162643
FILLER_0_3_161, 84.068, 21.76, 0.000162643
FILLER_0_3_169, 84.068, 21.76, 0.000162643
_156_, 107.221, 21.76, 0.00019524
_162_, 107.221, 21.76, 0.00019524
_176_, 107.221, 21.76, 0.00019524
_186_, 107.221, 21.76, 0.00019524
hold5, 107.221, 21.76, 0.00019524
FILLER_0_5_229, 107.221, 21.76, 0.00019524
_136_, 118.798, 21.76, 0.000198554
_163_, 118.798, 21.76, 0.000198554
_165_, 118.798, 21.76, 0.000198554
_167_, 118.798, 21.76, 0.000198554
_170_, 118.798, 21.76, 0.000198554
_172_, 118.798, 21.76, 0.000198554
_234_, 118.798, 21.76, 0.000198554
FILLER_0_4_239, 118.798, 21.76, 0.000198554
FILLER_0_4_246, 118.798, 21.76, 0.000198554
FILLER_0_5_293, 137.407, 21.76, 0.000179554
PHY_2, 5.52, 16.32, 0.000109393
PHY_4, 5.52, 16.32, 0.000109393
PHY_3, 144.44, 16.32, 0.000187543
PHY_5, 144.44, 16.32, 0.000187543
FILLER_0_2_77, 37.761, 16.32, 0.000117011
FILLER_0_3_105, 49.338, 16.32, 0.000124631
_189_, 84.068, 16.32, 0.000176895
_191_, 84.068, 16.32, 0.000176895
_243_, 84.068, 16.32, 0.000176895
FILLER_0_1_161, 84.068, 16.32, 0.000176895
FILLER_0_1_169, 84.068, 16.32, 0.000176895
FILLER_0_2_165, 84.068, 16.32, 0.000176895
_164_, 107.221, 16.32, 0.000226586
_166_, 107.221, 16.32, 0.000226586
clkbuf_2_2__f_clk, 107.221, 16.32, 0.000226586
_160_, 118.798, 16.32, 0.000215213
_168_, 118.798, 16.32, 0.000215213
_233_, 118.798, 16.32, 0.000215213
hold10, 118.798, 16.32, 0.000215213
FILLER_0_2_245, 118.798, 16.32, 0.000215213
FILLER_0_3_254, 118.798, 16.32, 0.000215213
FILLER_0_3_293, 137.407, 16.32, 0.000187543
PHY_0, 5.52, 10.88, 0.00011158
input4, 5.52, 10.88, 0.00011158
PHY_1, 144.44, 10.88, 0.000175257
FILLER_0_0_25, 15.852, 10.88, 0.000110796
FILLER_0_0_81, 37.761, 10.88, 0.000116986
input9, 49.338, 10.88, 0.000123962
FILLER_0_0_102, 49.338, 10.88, 0.000123962
FILLER_0_1_105, 49.338, 10.88, 0.000123962
FILLER_0_0_137, 72.491, 10.88, 0.000149075
_192_, 84.068, 10.88, 0.000167621
_240_, 84.068, 10.88, 0.000167621
FILLER_0_0_165, 84.068, 10.88, 0.000167621
FILLER_0_0_181, 84.068, 10.88, 0.000167621
FILLER_0_1_178, 84.068, 10.88, 0.000167621
_161_, 107.221, 10.88, 0.000193431
_231_, 107.221, 10.88, 0.000193431
fanout15, 107.221, 10.88, 0.000193431
FILLER_0_0_211, 107.221, 10.88, 0.000193431
FILLER_0_0_221, 107.221, 10.88, 0.000193431
_159_, 118.798, 10.88, 0.000186504
FILLER_0_0_241, 118.798, 10.88, 0.000186504
FILLER_0_0_249, 118.798, 10.88, 0.000186504
input5, 137.407, 10.88, 0.000175257
FILLER_0_1_293, 137.407, 10.88, 0.000175257

