Instance name,  X location,  Y location,  Voltage 
input2, 127.075, 138.72, 1.79992
FILLER_0_46_253, 127.075, 138.72, 1.79992
FILLER_0_45_273, 127.075, 133.28, 1.79992
FILLER_0_46_272, 127.075, 133.28, 1.79992
FILLER_0_43_273, 127.075, 127.84, 1.79992
FILLER_0_41_273, 127.075, 122.4, 1.79992
FILLER_0_39_273, 127.075, 116.96, 1.79993
FILLER_0_37_273, 127.075, 111.52, 1.79993
FILLER_0_35_273, 127.075, 106.08, 1.79993
FILLER_0_33_273, 127.075, 100.64, 1.79993
FILLER_0_31_273, 127.075, 95.2, 1.79993
FILLER_0_29_273, 127.075, 89.76, 1.79992
FILLER_0_27_273, 127.075, 84.32, 1.79991
FILLER_0_25_273, 127.075, 78.88, 1.7999
FILLER_0_23_273, 127.075, 73.44, 1.79988
FILLER_0_21_273, 127.075, 68, 1.79987
FILLER_0_19_273, 127.075, 62.56, 1.79985
FILLER_0_17_273, 127.075, 57.12, 1.79983
FILLER_0_15_269, 127.075, 51.68, 1.79979
_119_, 127.075, 46.24, 1.79978
FILLER_0_13_270, 127.075, 46.24, 1.79978
_140_, 127.075, 40.8, 1.79974
_149_, 127.075, 40.8, 1.79974
FILLER_0_11_273, 127.075, 40.8, 1.79974
_173_, 127.075, 35.36, 1.79977
hold2, 127.075, 35.36, 1.79977
_171_, 127.075, 29.92, 1.79977
_174_, 127.075, 29.92, 1.79977
hold18, 127.075, 29.92, 1.79977
_170_, 127.075, 24.48, 1.79977
_234_, 127.075, 24.48, 1.79977
hold3, 127.075, 24.48, 1.79977
FILLER_0_5_270, 127.075, 24.48, 1.79977
_233_, 127.075, 19.04, 1.79976
hold7, 127.075, 19.04, 1.79976
FILLER_0_3_254, 127.075, 19.04, 1.79976
FILLER_0_46_193, 92.345, 133.28, 1.79992
FILLER_0_44_189, 92.345, 127.84, 1.79993
FILLER_0_42_189, 92.345, 122.4, 1.79993
FILLER_0_40_189, 92.345, 116.96, 1.79993
FILLER_0_38_189, 92.345, 111.52, 1.79993
FILLER_0_36_189, 92.345, 106.08, 1.79993
FILLER_0_34_189, 92.345, 100.64, 1.79993
FILLER_0_32_189, 92.345, 95.2, 1.79994
FILLER_0_30_189, 92.345, 89.76, 1.79994
FILLER_0_28_189, 92.345, 84.32, 1.79992
FILLER_0_26_189, 92.345, 78.88, 1.7999
FILLER_0_24_189, 92.345, 73.44, 1.79989
FILLER_0_22_189, 92.345, 68, 1.79987
_112_, 92.345, 62.56, 1.79985
_113_, 92.345, 62.56, 1.79985
_114_, 92.345, 62.56, 1.79985
hold22, 92.345, 62.56, 1.79985
FILLER_0_18_186, 92.345, 62.56, 1.79985
_118_, 92.345, 57.12, 1.79982
_123_, 92.345, 57.12, 1.79982
hold19, 92.345, 57.12, 1.79982
hold23, 92.345, 57.12, 1.79982
FILLER_0_16_184, 92.345, 57.12, 1.79982
_122_, 92.345, 51.68, 1.79978
_208_, 92.345, 51.68, 1.79978
_209_, 92.345, 51.68, 1.79978
_224_, 92.345, 51.68, 1.79978
_128_, 92.345, 46.24, 1.79978
_202_, 92.345, 46.24, 1.79978
FILLER_0_13_191, 92.345, 46.24, 1.79978
FILLER_0_14_192, 92.345, 46.24, 1.79978
FILLER_0_14_197, 92.345, 46.24, 1.79978
_200_, 92.345, 40.8, 1.79973
_204_, 92.345, 40.8, 1.79973
_248_, 92.345, 40.8, 1.79973
hold1, 92.345, 40.8, 1.79973
hold20, 92.345, 40.8, 1.79973
FILLER_0_12_191, 92.345, 40.8, 1.79973
_206_, 92.345, 35.36, 1.79977
_246_, 92.345, 35.36, 1.79977
hold15, 92.345, 35.36, 1.79977
_190_, 92.345, 29.92, 1.79976
_193_, 92.345, 29.92, 1.79976
_201_, 92.345, 29.92, 1.79976
_239_, 92.345, 29.92, 1.79976
hold14, 92.345, 29.92, 1.79976
FILLER_0_8_197, 92.345, 29.92, 1.79976
_138_, 92.345, 24.48, 1.79978
_183_, 92.345, 24.48, 1.79978
_194_, 92.345, 24.48, 1.79978
hold8, 92.345, 24.48, 1.79978
hold9, 92.345, 24.48, 1.79978
hold12, 92.345, 24.48, 1.79978
_187_, 92.345, 19.04, 1.79977
_189_, 92.345, 19.04, 1.79977
_196_, 92.345, 19.04, 1.79977
_245_, 92.345, 19.04, 1.79977
fanout13, 92.345, 19.04, 1.79977
fanout16, 92.345, 19.04, 1.79977
hold13, 92.345, 19.04, 1.79977
_185_, 92.345, 13.6, 1.79975
_240_, 92.345, 13.6, 1.79975
input1, 92.345, 13.6, 1.79975
hold16, 92.345, 13.6, 1.79975
FILLER_0_0_181, 92.345, 13.6, 1.79975
FILLER_0_0_188, 92.345, 13.6, 1.79975
FILLER_0_1_178, 92.345, 13.6, 1.79975
FILLER_0_46_109, 57.615, 138.72, 1.79992
FILLER_0_45_105, 57.615, 133.28, 1.79991
FILLER_0_43_105, 57.615, 127.84, 1.79992
FILLER_0_41_105, 57.615, 122.4, 1.79992
FILLER_0_39_105, 57.615, 116.96, 1.79992
FILLER_0_37_105, 57.615, 111.52, 1.79992
FILLER_0_35_105, 57.615, 106.08, 1.79992
FILLER_0_33_105, 57.615, 100.64, 1.79992
FILLER_0_31_105, 57.615, 95.2, 1.79992
FILLER_0_29_105, 57.615, 89.76, 1.79992
FILLER_0_27_105, 57.615, 84.32, 1.79991
FILLER_0_25_105, 57.615, 78.88, 1.7999
FILLER_0_23_105, 57.615, 73.44, 1.79988
FILLER_0_21_105, 57.615, 68, 1.79987
FILLER_0_19_105, 57.615, 62.56, 1.79986
FILLER_0_17_105, 57.615, 57.12, 1.79984
FILLER_0_15_105, 57.615, 51.68, 1.79982
FILLER_0_13_105, 57.615, 46.24, 1.79982
FILLER_0_11_105, 57.615, 40.8, 1.7998
FILLER_0_9_105, 57.615, 35.36, 1.79981
FILLER_0_7_105, 57.615, 29.92, 1.7998
FILLER_0_5_105, 57.615, 24.48, 1.79981
FILLER_0_3_105, 57.615, 19.04, 1.79981
FILLER_0_0_102, 57.615, 13.6, 1.7998
FILLER_0_1_105, 57.615, 13.6, 1.7998
PHY_92, 5.52, 138.72, 1.79991
PHY_93, 144.44, 138.72, 1.79992
FILLER_0_46_293, 144.44, 138.72, 1.79992
FILLER_0_46_53, 34.461, 138.72, 1.79991
FILLER_0_46_57, 34.461, 138.72, 1.79991
FILLER_0_46_137, 69.191, 138.72, 1.79992
FILLER_0_46_153, 80.768, 138.72, 1.79992
FILLER_0_46_161, 80.768, 138.72, 1.79992
PHY_88, 5.52, 133.28, 1.79988
PHY_90, 5.52, 133.28, 1.79988
output11, 5.52, 133.28, 1.79988
PHY_89, 144.44, 133.28, 1.79992
PHY_91, 144.44, 133.28, 1.79992
FILLER_0_45_293, 144.44, 133.28, 1.79992
FILLER_0_46_21, 14.202, 133.28, 1.79989
output12, 34.461, 133.28, 1.79989
FILLER_0_45_51, 34.461, 133.28, 1.79989
FILLER_0_44_77, 46.038, 133.28, 1.7999
FILLER_0_44_133, 69.191, 133.28, 1.79992
input7, 80.768, 133.28, 1.79992
FILLER_0_45_161, 80.768, 133.28, 1.79992
FILLER_0_45_217, 103.921, 133.28, 1.79992
FILLER_0_46_221, 103.921, 133.28, 1.79992
FILLER_0_46_249, 115.498, 133.28, 1.79992
PHY_84, 5.52, 127.84, 1.79991
PHY_86, 5.52, 127.84, 1.79991
PHY_85, 144.44, 127.84, 1.79992
PHY_87, 144.44, 127.84, 1.79992
FILLER_0_43_293, 144.44, 127.84, 1.79992
FILLER_0_43_51, 34.461, 127.84, 1.79991
FILLER_0_42_77, 46.038, 127.84, 1.79992
FILLER_0_42_133, 69.191, 127.84, 1.79992
FILLER_0_43_161, 80.768, 127.84, 1.79992
FILLER_0_43_217, 103.921, 127.84, 1.79993
FILLER_0_44_245, 115.498, 127.84, 1.79993
FILLER_0_44_289, 135.757, 127.84, 1.79992
PHY_80, 5.52, 122.4, 1.79991
PHY_82, 5.52, 122.4, 1.79991
PHY_81, 144.44, 122.4, 1.79992
PHY_83, 144.44, 122.4, 1.79992
FILLER_0_41_293, 144.44, 122.4, 1.79992
FILLER_0_41_51, 34.461, 122.4, 1.79992
FILLER_0_40_77, 46.038, 122.4, 1.79992
FILLER_0_40_133, 69.191, 122.4, 1.79992
FILLER_0_41_161, 80.768, 122.4, 1.79992
FILLER_0_41_217, 103.921, 122.4, 1.79993
FILLER_0_42_245, 115.498, 122.4, 1.79993
input8, 135.757, 122.4, 1.79992
PHY_76, 5.52, 116.96, 1.79991
PHY_78, 5.52, 116.96, 1.79991
PHY_77, 144.44, 116.96, 1.79993
PHY_79, 144.44, 116.96, 1.79993
FILLER_0_39_293, 144.44, 116.96, 1.79993
FILLER_0_39_51, 34.461, 116.96, 1.79991
FILLER_0_38_77, 46.038, 116.96, 1.79992
FILLER_0_38_133, 69.191, 116.96, 1.79992
FILLER_0_39_161, 80.768, 116.96, 1.79993
FILLER_0_39_217, 103.921, 116.96, 1.79993
FILLER_0_40_245, 115.498, 116.96, 1.79993
FILLER_0_40_289, 135.757, 116.96, 1.79993
PHY_72, 5.52, 111.52, 1.79991
PHY_74, 5.52, 111.52, 1.79991
PHY_73, 144.44, 111.52, 1.79993
PHY_75, 144.44, 111.52, 1.79993
FILLER_0_37_293, 144.44, 111.52, 1.79993
FILLER_0_37_51, 34.461, 111.52, 1.79991
FILLER_0_36_77, 46.038, 111.52, 1.79992
FILLER_0_36_133, 69.191, 111.52, 1.79992
FILLER_0_37_161, 80.768, 111.52, 1.79993
FILLER_0_37_217, 103.921, 111.52, 1.79993
FILLER_0_38_245, 115.498, 111.52, 1.79993
FILLER_0_38_289, 135.757, 111.52, 1.79993
PHY_68, 5.52, 106.08, 1.79991
PHY_70, 5.52, 106.08, 1.79991
PHY_69, 144.44, 106.08, 1.79993
PHY_71, 144.44, 106.08, 1.79993
FILLER_0_35_293, 144.44, 106.08, 1.79993
FILLER_0_35_51, 34.461, 106.08, 1.79991
FILLER_0_34_77, 46.038, 106.08, 1.79992
FILLER_0_34_133, 69.191, 106.08, 1.79992
FILLER_0_35_161, 80.768, 106.08, 1.79993
FILLER_0_35_217, 103.921, 106.08, 1.79993
FILLER_0_36_245, 115.498, 106.08, 1.79993
FILLER_0_36_289, 135.757, 106.08, 1.79993
PHY_64, 5.52, 100.64, 1.79991
PHY_66, 5.52, 100.64, 1.79991
PHY_65, 144.44, 100.64, 1.79993
PHY_67, 144.44, 100.64, 1.79993
FILLER_0_33_293, 144.44, 100.64, 1.79993
FILLER_0_33_51, 34.461, 100.64, 1.79991
FILLER_0_32_77, 46.038, 100.64, 1.79992
FILLER_0_32_133, 69.191, 100.64, 1.79992
FILLER_0_33_161, 80.768, 100.64, 1.79993
FILLER_0_33_217, 103.921, 100.64, 1.79993
FILLER_0_34_245, 115.498, 100.64, 1.79993
FILLER_0_34_289, 135.757, 100.64, 1.79993
PHY_60, 5.52, 95.2, 1.79991
PHY_62, 5.52, 95.2, 1.79991
PHY_61, 144.44, 95.2, 1.79993
PHY_63, 144.44, 95.2, 1.79993
FILLER_0_31_293, 144.44, 95.2, 1.79993
FILLER_0_31_51, 34.461, 95.2, 1.79991
FILLER_0_30_77, 46.038, 95.2, 1.79992
FILLER_0_30_133, 69.191, 95.2, 1.79992
FILLER_0_31_161, 80.768, 95.2, 1.79993
FILLER_0_31_217, 103.921, 95.2, 1.79993
FILLER_0_32_245, 115.498, 95.2, 1.79993
FILLER_0_32_289, 135.757, 95.2, 1.79993
PHY_56, 5.52, 89.76, 1.7999
PHY_58, 5.52, 89.76, 1.7999
input3, 5.52, 89.76, 1.7999
PHY_57, 144.44, 89.76, 1.79992
PHY_59, 144.44, 89.76, 1.79992
FILLER_0_29_293, 144.44, 89.76, 1.79992
FILLER_0_30_25, 14.202, 89.76, 1.79991
FILLER_0_29_51, 34.461, 89.76, 1.79991
FILLER_0_28_77, 46.038, 89.76, 1.79991
FILLER_0_28_133, 69.191, 89.76, 1.79992
FILLER_0_29_161, 80.768, 89.76, 1.79993
FILLER_0_29_217, 103.921, 89.76, 1.79993
FILLER_0_30_245, 115.498, 89.76, 1.79993
FILLER_0_30_289, 135.757, 89.76, 1.79992
PHY_52, 5.52, 84.32, 1.7999
PHY_54, 5.52, 84.32, 1.7999
PHY_53, 144.44, 84.32, 1.79991
PHY_55, 144.44, 84.32, 1.79991
FILLER_0_27_293, 144.44, 84.32, 1.79991
FILLER_0_27_51, 34.461, 84.32, 1.7999
FILLER_0_26_77, 46.038, 84.32, 1.7999
FILLER_0_26_133, 69.191, 84.32, 1.79991
FILLER_0_27_161, 80.768, 84.32, 1.79991
FILLER_0_27_217, 103.921, 84.32, 1.79992
FILLER_0_28_245, 115.498, 84.32, 1.79991
FILLER_0_28_289, 135.757, 84.32, 1.79991
PHY_48, 5.52, 78.88, 1.79989
PHY_50, 5.52, 78.88, 1.79989
PHY_49, 144.44, 78.88, 1.7999
PHY_51, 144.44, 78.88, 1.7999
FILLER_0_25_293, 144.44, 78.88, 1.7999
FILLER_0_25_51, 34.461, 78.88, 1.79989
FILLER_0_24_77, 46.038, 78.88, 1.79989
FILLER_0_24_133, 69.191, 78.88, 1.7999
FILLER_0_25_161, 80.768, 78.88, 1.7999
FILLER_0_25_217, 103.921, 78.88, 1.7999
FILLER_0_26_245, 115.498, 78.88, 1.7999
FILLER_0_26_289, 135.757, 78.88, 1.7999
PHY_44, 5.52, 73.44, 1.79988
PHY_46, 5.52, 73.44, 1.79988
PHY_45, 144.44, 73.44, 1.79988
PHY_47, 144.44, 73.44, 1.79988
FILLER_0_23_293, 144.44, 73.44, 1.79988
FILLER_0_23_51, 34.461, 73.44, 1.79988
FILLER_0_22_77, 46.038, 73.44, 1.79988
FILLER_0_22_133, 69.191, 73.44, 1.79989
FILLER_0_23_161, 80.768, 73.44, 1.79989
FILLER_0_23_217, 103.921, 73.44, 1.79989
FILLER_0_24_245, 115.498, 73.44, 1.79988
FILLER_0_24_289, 135.757, 73.44, 1.79988
PHY_40, 5.52, 68, 1.79987
PHY_42, 5.52, 68, 1.79987
PHY_41, 144.44, 68, 1.79987
PHY_43, 144.44, 68, 1.79987
FILLER_0_21_293, 144.44, 68, 1.79987
FILLER_0_21_51, 34.461, 68, 1.79987
FILLER_0_20_77, 46.038, 68, 1.79987
FILLER_0_20_133, 69.191, 68, 1.79987
hold26, 80.768, 68, 1.79987
FILLER_0_20_153, 80.768, 68, 1.79987
FILLER_0_21_161, 80.768, 68, 1.79987
FILLER_0_21_217, 103.921, 68, 1.79987
FILLER_0_22_245, 115.498, 68, 1.79987
FILLER_0_22_289, 135.757, 68, 1.79987
PHY_36, 5.52, 62.56, 1.79986
PHY_38, 5.52, 62.56, 1.79986
PHY_37, 144.44, 62.56, 1.79985
PHY_39, 144.44, 62.56, 1.79985
FILLER_0_19_293, 144.44, 62.56, 1.79985
FILLER_0_19_51, 34.461, 62.56, 1.79986
FILLER_0_18_77, 46.038, 62.56, 1.79986
FILLER_0_18_133, 69.191, 62.56, 1.79985
FILLER_0_19_149, 69.191, 62.56, 1.79985
_220_, 80.768, 62.56, 1.79984
_222_, 80.768, 62.56, 1.79984
_223_, 80.768, 62.56, 1.79984
_256_, 80.768, 62.56, 1.79984
FILLER_0_18_153, 80.768, 62.56, 1.79984
FILLER_0_20_245, 115.498, 62.56, 1.79985
FILLER_0_20_289, 135.757, 62.56, 1.79985
PHY_32, 5.52, 57.12, 1.79986
PHY_34, 5.52, 57.12, 1.79986
PHY_33, 144.44, 57.12, 1.79983
PHY_35, 144.44, 57.12, 1.79983
FILLER_0_17_293, 144.44, 57.12, 1.79983
FILLER_0_17_51, 34.461, 57.12, 1.79985
FILLER_0_16_77, 46.038, 57.12, 1.79985
_116_, 69.191, 57.12, 1.79982
_221_, 69.191, 57.12, 1.79982
_255_, 69.191, 57.12, 1.79982
FILLER_0_17_137, 69.191, 57.12, 1.79982
FILLER_0_18_141, 69.191, 57.12, 1.79982
_210_, 80.768, 57.12, 1.79982
FILLER_0_17_164, 80.768, 57.12, 1.79982
FILLER_0_17_169, 80.768, 57.12, 1.79982
_225_, 103.921, 57.12, 1.79981
hold24, 103.921, 57.12, 1.79981
FILLER_0_18_245, 115.498, 57.12, 1.79982
FILLER_0_18_289, 135.757, 57.12, 1.79983
PHY_28, 5.52, 51.68, 1.79985
PHY_30, 5.52, 51.68, 1.79985
PHY_29, 144.44, 51.68, 1.79979
PHY_31, 144.44, 51.68, 1.79979
FILLER_0_15_293, 144.44, 51.68, 1.79979
FILLER_0_15_51, 34.461, 51.68, 1.79984
FILLER_0_14_77, 46.038, 51.68, 1.79983
_212_, 69.191, 51.68, 1.79979
_251_, 69.191, 51.68, 1.79979
FILLER_0_14_133, 69.191, 51.68, 1.79979
FILLER_0_15_137, 69.191, 51.68, 1.79979
_117_, 80.768, 51.68, 1.79977
_211_, 80.768, 51.68, 1.79977
_213_, 80.768, 51.68, 1.79977
_250_, 80.768, 51.68, 1.79977
hold21, 80.768, 51.68, 1.79977
hold25, 80.768, 51.68, 1.79977
FILLER_0_15_162, 80.768, 51.68, 1.79977
_129_, 103.921, 51.68, 1.79975
_131_, 103.921, 51.68, 1.79975
_135_, 103.921, 51.68, 1.79975
_226_, 103.921, 51.68, 1.79975
FILLER_0_14_212, 103.921, 51.68, 1.79975
FILLER_0_15_211, 103.921, 51.68, 1.79975
_148_, 115.498, 51.68, 1.79975
_227_, 115.498, 51.68, 1.79975
_229_, 115.498, 51.68, 1.79975
FILLER_0_16_248, 115.498, 51.68, 1.79975
FILLER_0_15_277, 135.757, 51.68, 1.79979
FILLER_0_16_289, 135.757, 51.68, 1.79979
PHY_24, 5.52, 46.24, 1.79984
PHY_26, 5.52, 46.24, 1.79984
PHY_25, 144.44, 46.24, 1.79978
PHY_27, 144.44, 46.24, 1.79978
FILLER_0_12_293, 144.44, 46.24, 1.79978
FILLER_0_13_293, 144.44, 46.24, 1.79978
FILLER_0_12_18, 14.202, 46.24, 1.79984
FILLER_0_13_51, 34.461, 46.24, 1.79983
FILLER_0_12_77, 46.038, 46.24, 1.79982
_214_, 69.191, 46.24, 1.79979
_215_, 69.191, 46.24, 1.79979
_252_, 69.191, 46.24, 1.79979
FILLER_0_12_133, 69.191, 46.24, 1.79979
FILLER_0_13_137, 69.191, 46.24, 1.79979
_115_, 80.768, 46.24, 1.79977
_125_, 80.768, 46.24, 1.79977
_217_, 80.768, 46.24, 1.79977
_249_, 80.768, 46.24, 1.79977
hold17, 80.768, 46.24, 1.79977
FILLER_0_13_161, 80.768, 46.24, 1.79977
FILLER_0_14_169, 80.768, 46.24, 1.79977
_124_, 103.921, 46.24, 1.79975
_126_, 103.921, 46.24, 1.79975
_130_, 103.921, 46.24, 1.79975
_132_, 103.921, 46.24, 1.79975
_133_, 103.921, 46.24, 1.79975
_143_, 103.921, 46.24, 1.79975
_144_, 103.921, 46.24, 1.79975
_199_, 103.921, 46.24, 1.79975
FILLER_0_13_219, 103.921, 46.24, 1.79975
_147_, 115.498, 46.24, 1.79976
_151_, 115.498, 46.24, 1.79976
_152_, 115.498, 46.24, 1.79976
_153_, 115.498, 46.24, 1.79976
FILLER_0_14_289, 135.757, 46.24, 1.79978
PHY_20, 5.52, 40.8, 1.79983
PHY_22, 5.52, 40.8, 1.79983
input6, 5.52, 40.8, 1.79983
PHY_21, 144.44, 40.8, 1.79974
PHY_23, 144.44, 40.8, 1.79974
FILLER_0_11_293, 144.44, 40.8, 1.79974
FILLER_0_11_51, 34.461, 40.8, 1.79982
FILLER_0_10_77, 46.038, 40.8, 1.79981
_218_, 69.191, 40.8, 1.79975
_219_, 69.191, 40.8, 1.79975
_254_, 69.191, 40.8, 1.79975
FILLER_0_10_133, 69.191, 40.8, 1.79975
_127_, 80.768, 40.8, 1.79971
_216_, 80.768, 40.8, 1.79971
fanout14, 80.768, 40.8, 1.79971
clkbuf_2_1__f_clk, 80.768, 40.8, 1.79971
FILLER_0_10_153, 80.768, 40.8, 1.79971
_120_, 103.921, 40.8, 1.79968
_121_, 103.921, 40.8, 1.79968
_134_, 103.921, 40.8, 1.79968
_146_, 103.921, 40.8, 1.79968
_205_, 103.921, 40.8, 1.79968
_207_, 103.921, 40.8, 1.79968
clkbuf_0_clk, 103.921, 40.8, 1.79968
_150_, 115.498, 40.8, 1.7997
_228_, 115.498, 40.8, 1.7997
FILLER_0_12_247, 115.498, 40.8, 1.7997
PHY_16, 5.52, 35.36, 1.79983
PHY_18, 5.52, 35.36, 1.79983
PHY_17, 144.44, 35.36, 1.79977
PHY_19, 144.44, 35.36, 1.79977
FILLER_0_9_293, 144.44, 35.36, 1.79977
FILLER_0_9_51, 34.461, 35.36, 1.79983
FILLER_0_8_77, 46.038, 35.36, 1.79982
_253_, 69.191, 35.36, 1.79979
FILLER_0_8_133, 69.191, 35.36, 1.79979
FILLER_0_9_137, 69.191, 35.36, 1.79979
FILLER_0_9_145, 69.191, 35.36, 1.79979
_203_, 80.768, 35.36, 1.79978
FILLER_0_9_169, 80.768, 35.36, 1.79978
_141_, 103.921, 35.36, 1.79973
_142_, 103.921, 35.36, 1.79973
_197_, 103.921, 35.36, 1.79973
_198_, 103.921, 35.36, 1.79973
_237_, 103.921, 35.36, 1.79973
clkbuf_2_3__f_clk, 103.921, 35.36, 1.79973
_145_, 115.498, 35.36, 1.79974
_154_, 115.498, 35.36, 1.79974
_181_, 115.498, 35.36, 1.79974
_238_, 115.498, 35.36, 1.79974
FILLER_0_9_274, 135.757, 35.36, 1.79977
PHY_12, 5.52, 29.92, 1.79983
PHY_14, 5.52, 29.92, 1.79983
PHY_13, 144.44, 29.92, 1.79977
PHY_15, 144.44, 29.92, 1.79977
FILLER_0_7_51, 34.461, 29.92, 1.79982
FILLER_0_6_77, 46.038, 29.92, 1.79981
FILLER_0_6_133, 69.191, 29.92, 1.79977
_244_, 80.768, 29.92, 1.79974
_247_, 80.768, 29.92, 1.79974
clkbuf_2_0__f_clk, 80.768, 29.92, 1.79974
FILLER_0_6_153, 80.768, 29.92, 1.79974
FILLER_0_7_161, 80.768, 29.92, 1.79974
_155_, 103.921, 29.92, 1.79974
_184_, 103.921, 29.92, 1.79974
_236_, 103.921, 29.92, 1.79974
hold4, 103.921, 29.92, 1.79974
FILLER_0_7_212, 103.921, 29.92, 1.79974
FILLER_0_7_219, 103.921, 29.92, 1.79974
FILLER_0_7_225, 103.921, 29.92, 1.79974
_177_, 115.498, 29.92, 1.79975
_178_, 115.498, 29.92, 1.79975
_179_, 115.498, 29.92, 1.79975
_180_, 115.498, 29.92, 1.79975
_182_, 115.498, 29.92, 1.79975
_235_, 115.498, 29.92, 1.79975
hold6, 115.498, 29.92, 1.79975
FILLER_0_8_249, 115.498, 29.92, 1.79975
input10, 135.757, 29.92, 1.79977
FILLER_0_7_281, 135.757, 29.92, 1.79977
FILLER_0_8_292, 135.757, 29.92, 1.79977
PHY_8, 5.52, 24.48, 1.79983
PHY_10, 5.52, 24.48, 1.79983
PHY_9, 144.44, 24.48, 1.79977
PHY_11, 144.44, 24.48, 1.79977
FILLER_0_5_293, 144.44, 24.48, 1.79977
FILLER_0_5_51, 34.461, 24.48, 1.79982
FILLER_0_4_77, 46.038, 24.48, 1.79982
FILLER_0_4_133, 69.191, 24.48, 1.7998
_241_, 80.768, 24.48, 1.79978
_242_, 80.768, 24.48, 1.79978
FILLER_0_4_153, 80.768, 24.48, 1.79978
FILLER_0_5_161, 80.768, 24.48, 1.79978
_139_, 103.921, 24.48, 1.79977
_156_, 103.921, 24.48, 1.79977
_195_, 103.921, 24.48, 1.79977
hold11, 103.921, 24.48, 1.79977
_137_, 115.498, 24.48, 1.79977
_163_, 115.498, 24.48, 1.79977
_169_, 115.498, 24.48, 1.79977
_172_, 115.498, 24.48, 1.79977
_175_, 115.498, 24.48, 1.79977
_176_, 115.498, 24.48, 1.79977
hold5, 115.498, 24.48, 1.79977
FILLER_0_4_239, 115.498, 24.48, 1.79977
FILLER_0_5_229, 115.498, 24.48, 1.79977
FILLER_0_6_291, 135.757, 24.48, 1.79977
PHY_4, 5.52, 19.04, 1.79983
PHY_6, 5.52, 19.04, 1.79983
PHY_5, 144.44, 19.04, 1.79976
PHY_7, 144.44, 19.04, 1.79976
FILLER_0_3_293, 144.44, 19.04, 1.79976
FILLER_0_3_51, 34.461, 19.04, 1.79982
FILLER_0_2_77, 46.038, 19.04, 1.79982
FILLER_0_2_133, 69.191, 19.04, 1.7998
_188_, 80.768, 19.04, 1.79978
_191_, 80.768, 19.04, 1.79978
FILLER_0_3_161, 80.768, 19.04, 1.79978
FILLER_0_3_169, 80.768, 19.04, 1.79978
_157_, 103.921, 19.04, 1.79975
_162_, 103.921, 19.04, 1.79975
_164_, 103.921, 19.04, 1.79975
_186_, 103.921, 19.04, 1.79975
_232_, 103.921, 19.04, 1.79975
_136_, 115.498, 19.04, 1.79975
_160_, 115.498, 19.04, 1.79975
_165_, 115.498, 19.04, 1.79975
_166_, 115.498, 19.04, 1.79975
_167_, 115.498, 19.04, 1.79975
FILLER_0_4_246, 115.498, 19.04, 1.79975
PHY_0, 5.52, 13.6, 1.79982
PHY_2, 5.52, 13.6, 1.79982
input4, 5.52, 13.6, 1.79982
PHY_1, 144.44, 13.6, 1.79975
PHY_3, 144.44, 13.6, 1.79975
FILLER_0_1_293, 144.44, 13.6, 1.79975
FILLER_0_0_25, 14.202, 13.6, 1.79982
FILLER_0_0_53, 34.461, 13.6, 1.79982
FILLER_0_1_51, 34.461, 13.6, 1.79982
input9, 46.038, 13.6, 1.79981
FILLER_0_0_81, 46.038, 13.6, 1.79981
FILLER_0_0_137, 69.191, 13.6, 1.79978
_192_, 80.768, 13.6, 1.79976
_243_, 80.768, 13.6, 1.79976
FILLER_0_0_165, 80.768, 13.6, 1.79976
FILLER_0_1_161, 80.768, 13.6, 1.79976
FILLER_0_1_169, 80.768, 13.6, 1.79976
FILLER_0_2_165, 80.768, 13.6, 1.79976
_158_, 103.921, 13.6, 1.7997
_230_, 103.921, 13.6, 1.7997
_231_, 103.921, 13.6, 1.7997
fanout15, 103.921, 13.6, 1.7997
clkbuf_2_2__f_clk, 103.921, 13.6, 1.7997
FILLER_0_0_203, 103.921, 13.6, 1.7997
FILLER_0_0_211, 103.921, 13.6, 1.7997
FILLER_0_0_221, 103.921, 13.6, 1.7997
_159_, 115.498, 13.6, 1.79972
_161_, 115.498, 13.6, 1.79972
_168_, 115.498, 13.6, 1.79972
hold10, 115.498, 13.6, 1.79972
FILLER_0_0_241, 115.498, 13.6, 1.79972
FILLER_0_0_249, 115.498, 13.6, 1.79972
FILLER_0_2_245, 115.498, 13.6, 1.79972
input5, 135.757, 13.6, 1.79975
FILLER_0_0_277, 135.757, 13.6, 1.79975
FILLER_0_1_277, 135.757, 13.6, 1.79975

