
61. Printing statistics.

=== uart_tx ===

   Number of wires:                149
   Number of wire bits:            156
   Number of public wires:          37
   Number of public wire bits:      44
   Number of memories:               0
   Number of memory bits:            0
   Number of processes:              0
   Number of cells:                145
     sky130_fd_sc_hd__a21bo_2        3
     sky130_fd_sc_hd__a21o_2         1
     sky130_fd_sc_hd__a21oi_2        1
     sky130_fd_sc_hd__a22o_2         2
     sky130_fd_sc_hd__a2bb2o_2       2
     sky130_fd_sc_hd__a311o_2        1
     sky130_fd_sc_hd__a31o_2         5
     sky130_fd_sc_hd__a32o_2         4
     sky130_fd_sc_hd__and2_2         9
     sky130_fd_sc_hd__and3_2         2
     sky130_fd_sc_hd__and4_2         3
     sky130_fd_sc_hd__and4b_2        1
     sky130_fd_sc_hd__buf_1         23
     sky130_fd_sc_hd__dfrtp_2       32
     sky130_fd_sc_hd__dfstp_2        1
     sky130_fd_sc_hd__inv_2          4
     sky130_fd_sc_hd__mux2_2        13
     sky130_fd_sc_hd__mux4_2         2
     sky130_fd_sc_hd__nand2_2        3
     sky130_fd_sc_hd__nand3_2        2
     sky130_fd_sc_hd__nor2_2         3
     sky130_fd_sc_hd__nor3_2         1
     sky130_fd_sc_hd__o2111a_2       1
     sky130_fd_sc_hd__o21a_2         1
     sky130_fd_sc_hd__o21ai_2        1
     sky130_fd_sc_hd__o21ba_2        1
     sky130_fd_sc_hd__o21bai_2       3
     sky130_fd_sc_hd__o22a_2         1
     sky130_fd_sc_hd__o2bb2a_2       1
     sky130_fd_sc_hd__or2_2          3
     sky130_fd_sc_hd__or2b_2         1
     sky130_fd_sc_hd__or3_2          1
     sky130_fd_sc_hd__or3b_2         2
     sky130_fd_sc_hd__or4_2          4
     sky130_fd_sc_hd__xnor2_2        6
     sky130_fd_sc_hd__xor2_2         1

   Chip area for module '\uart_tx': 1838.012800

