OpenROAD 41a51eaf4ca2171c92ff38afb91eb37bbd3f36da 
This program is licensed under the BSD-3 license. See the LICENSE file for details.
Components of this program may be licensed under more restrictive licenses which must be honored.
[INFO]: Reading ODB at '/openlane/designs/uart_tx/runs/RUN_2025.12.14_11.55.58/results/cts/uart_tx.odb'…
define_corners Slowest Typical Fastest
read_liberty -corner Slowest /home/sjh/.ciel/sky130A/libs.ref/sky130_fd_sc_hd/lib/sky130_fd_sc_hd__ss_100C_1v60.lib
read_liberty -corner Typical /home/sjh/.ciel/sky130A/libs.ref/sky130_fd_sc_hd/lib/sky130_fd_sc_hd__tt_025C_1v80.lib
read_liberty -corner Fastest /home/sjh/.ciel/sky130A/libs.ref/sky130_fd_sc_hd/lib/sky130_fd_sc_hd__ff_n40C_1v95.lib
Using 1e-12 for capacitance...
Using 1e+03 for resistance...
Using 1e-09 for time...
Using 1e+00 for voltage...
Using 1e-03 for current...
Using 1e-09 for power...
Using 1e-06 for distance...
Reading design constraints file at '/openlane/designs/uart_tx/runs/RUN_2025.12.14_11.55.58/results/cts/uart_tx.sdc'…
[INFO]: Setting RC values...
[INFO RSZ-0046] Found 26 endpoints with hold violations.
[INFO RSZ-0032] Inserted 26 hold buffers.
Placement Analysis
---------------------------------
total displacement        231.4 u
average displacement        0.4 u
max displacement           10.5 u
original HPWL            3544.5 u
legalized HPWL           3842.0 u
delta HPWL                    8 %

[INFO DPL-0020] Mirrored 81 instances
[INFO DPL-0021] HPWL before            3842.0 u
[INFO DPL-0022] HPWL after             3670.3 u
[INFO DPL-0023] HPWL delta               -4.5 %
Setting global connections for newly added cells…
Writing OpenROAD database to '/openlane/designs/uart_tx/runs/RUN_2025.12.14_11.55.58/tmp/cts/14-uart_tx.resized.odb'…
Writing netlist to '/openlane/designs/uart_tx/runs/RUN_2025.12.14_11.55.58/tmp/cts/14-uart_tx.resized.nl.v'…
Writing powered netlist to '/openlane/designs/uart_tx/runs/RUN_2025.12.14_11.55.58/tmp/cts/14-uart_tx.resized.pnl.v'…
Writing layout to '/openlane/designs/uart_tx/runs/RUN_2025.12.14_11.55.58/tmp/cts/14-uart_tx.resized.def'…
Writing timing constraints to '/openlane/designs/uart_tx/runs/RUN_2025.12.14_11.55.58/tmp/cts/14-uart_tx.resized.sdc'…
area_report

===========================================================================
report_design_area
============================================================================
Design area 2487 u^2 14% utilization.
area_report_end
