OpenROAD 41a51eaf4ca2171c92ff38afb91eb37bbd3f36da 
This program is licensed under the BSD-3 license. See the LICENSE file for details.
Components of this program may be licensed under more restrictive licenses which must be honored.
[INFO]: Reading ODB at '/openlane/designs/uart_tx/runs/RUN_2025.12.14_11.55.58/results/floorplan/uart_tx.odb'…
define_corners Typical
read_liberty -corner Typical /home/sjh/.ciel/sky130A/libs.ref/sky130_fd_sc_hd/lib/sky130_fd_sc_hd__tt_025C_1v80.lib
Using 1e-12 for capacitance...
Using 1e+03 for resistance...
Using 1e-09 for time...
Using 1e+00 for voltage...
Using 1e-03 for current...
Using 1e-09 for power...
Using 1e-06 for distance...
Reading design constraints file at '/openlane/designs/uart_tx/runs/RUN_2025.12.14_11.55.58/tmp/floorplan/3-initial_fp.sdc'…
[INFO]: Setting RC values...
[INFO]: Setting signal min routing layer to: met1 and clock min routing layer to met3. 
[INFO]: Setting signal max routing layer to: met5 and clock max routing layer to met5. 
[INFO GPL-0002] DBU: 1000
[INFO GPL-0003] SiteSize: 460 2720
[INFO GPL-0004] CoreAreaLxLy: 5520 10880
[INFO GPL-0005] CoreAreaUxUy: 144440 138720
[INFO GPL-0006] NumInstances: 484
[INFO GPL-0007] NumPlaceInstances: 145
[INFO GPL-0008] NumFixedInstances: 339
[INFO GPL-0009] NumDummyInstances: 0
[INFO GPL-0010] NumNets: 156
[INFO GPL-0011] NumPins: 550
[INFO GPL-0012] DieAreaLxLy: 0 0
[INFO GPL-0013] DieAreaUxUy: 150000 150000
[INFO GPL-0014] CoreAreaLxLy: 5520 10880
[INFO GPL-0015] CoreAreaUxUy: 144440 138720
[INFO GPL-0016] CoreArea: 17759532800
[INFO GPL-0017] NonPlaceInstsArea: 659382400
[INFO GPL-0018] PlaceInstsArea: 1838012800
[INFO GPL-0019] Util(%): 10.75
[INFO GPL-0020] StdInstsArea: 1838012800
[INFO GPL-0021] MacroInstsArea: 0
[InitialPlace]  Iter: 1 CG residual: 0.00000009 HPWL: 3312800
[InitialPlace]  Iter: 2 CG residual: 0.00000011 HPWL: 2984163
[InitialPlace]  Iter: 3 CG residual: 0.00000005 HPWL: 2990266
[InitialPlace]  Iter: 4 CG residual: 0.00000007 HPWL: 2999868
[InitialPlace]  Iter: 5 CG residual: 0.00000007 HPWL: 2997410
[INFO GPL-0031] FillerInit: NumGCells: 1036
[INFO GPL-0032] FillerInit: NumGNets: 156
[INFO GPL-0033] FillerInit: NumGPins: 550
[INFO GPL-0023] TargetDensity: 0.75
[INFO GPL-0024] AveragePlaceInstArea: 12675950
[INFO GPL-0025] IdealBinArea: 16901266
[INFO GPL-0026] IdealBinCnt: 1050
[INFO GPL-0027] TotalBinArea: 17759532800
[INFO GPL-0028] BinCnt: 32 32
[INFO GPL-0029] BinSize: 4342 3995
[INFO GPL-0030] NumBins: 1024
[NesterovSolve] Iter: 1 overflow: 0.813643 HPWL: 2197959
[INFO GPL-0100] worst slack 1.46e-08
[INFO GPL-0103] Weighted 15 nets.
[NesterovSolve] Iter: 10 overflow: 0.667095 HPWL: 2376786
[NesterovSolve] Iter: 20 overflow: 0.670151 HPWL: 2365646
[NesterovSolve] Iter: 30 overflow: 0.672841 HPWL: 2364850
[NesterovSolve] Iter: 40 overflow: 0.67316 HPWL: 2367064
[NesterovSolve] Iter: 50 overflow: 0.666401 HPWL: 2353452
[NesterovSolve] Iter: 60 overflow: 0.665811 HPWL: 2354470
[NesterovSolve] Iter: 70 overflow: 0.666355 HPWL: 2354464
[NesterovSolve] Iter: 80 overflow: 0.66772 HPWL: 2356313
[NesterovSolve] Iter: 90 overflow: 0.66786 HPWL: 2356994
[NesterovSolve] Iter: 100 overflow: 0.666973 HPWL: 2356292
[NesterovSolve] Iter: 110 overflow: 0.665958 HPWL: 2354752
[NesterovSolve] Iter: 120 overflow: 0.66502 HPWL: 2354045
[NesterovSolve] Iter: 130 overflow: 0.664374 HPWL: 2355015
[NesterovSolve] Iter: 140 overflow: 0.663434 HPWL: 2356467
[NesterovSolve] Iter: 150 overflow: 0.663227 HPWL: 2360056
[NesterovSolve] Iter: 160 overflow: 0.66267 HPWL: 2364602
[NesterovSolve] Iter: 170 overflow: 0.660187 HPWL: 2367352
[NesterovSolve] Iter: 180 overflow: 0.656806 HPWL: 2367643
[NesterovSolve] Iter: 190 overflow: 0.648547 HPWL: 2368033
[NesterovSolve] Iter: 200 overflow: 0.638611 HPWL: 2372983
[INFO GPL-0100] worst slack 1.46e-08
[INFO GPL-0103] Weighted 14 nets.
[NesterovSolve] Iter: 210 overflow: 0.620396 HPWL: 2374062
[NesterovSolve] Iter: 220 overflow: 0.6041 HPWL: 2383730
[NesterovSolve] Snapshot saved at iter = 221
[NesterovSolve] Iter: 230 overflow: 0.585076 HPWL: 2381572
[NesterovSolve] Iter: 240 overflow: 0.557495 HPWL: 2385344
[NesterovSolve] Iter: 250 overflow: 0.518383 HPWL: 2376274
[INFO GPL-0100] worst slack 1.46e-08
[INFO GPL-0103] Weighted 15 nets.
[NesterovSolve] Iter: 260 overflow: 0.472421 HPWL: 2395464
[NesterovSolve] Iter: 270 overflow: 0.431692 HPWL: 2451645
[NesterovSolve] Iter: 280 overflow: 0.399697 HPWL: 2493916
[NesterovSolve] Iter: 290 overflow: 0.352293 HPWL: 2541658
[NesterovSolve] Iter: 300 overflow: 0.31284 HPWL: 2575725
[INFO GPL-0100] worst slack 1.46e-08
[INFO GPL-0103] Weighted 15 nets.
[NesterovSolve] Iter: 310 overflow: 0.280366 HPWL: 2609094
[NesterovSolve] Iter: 320 overflow: 0.248617 HPWL: 2636074
[NesterovSolve] Iter: 330 overflow: 0.214073 HPWL: 2666018
[INFO GPL-0100] worst slack 1.46e-08
[INFO GPL-0103] Weighted 15 nets.
[INFO GPL-0075] Routability numCall: 1 inflationIterCnt: 1 bloatIterCnt: 0
[INFO GPL-0036] TileLxLy: 0 0
[INFO GPL-0037] TileSize: 6900 6900
[INFO GPL-0038] TileCnt: 21 21
[INFO GPL-0039] numRoutingLayers: 6
[INFO GPL-0040] NumTiles: 441
[INFO GPL-0063] TotalRouteOverflowH2: 0.0
[INFO GPL-0064] TotalRouteOverflowV2: 0.0
[INFO GPL-0065] OverflowTileCnt2: 0
[INFO GPL-0066] 0.5%RC: 0.9083333214124044
[INFO GPL-0067] 1.0%RC: 0.8708333373069763
[INFO GPL-0068] 2.0%RC: 0.8086956532105155
[INFO GPL-0069] 5.0%RC: 0.6857142959322248
[INFO GPL-0070] 0.5rcK: 1.0
[INFO GPL-0071] 1.0rcK: 1.0
[INFO GPL-0072] 2.0rcK: 0.0
[INFO GPL-0073] 5.0rcK: 0.0
[INFO GPL-0074] FinalRC: 0.88958335
[NesterovSolve] Iter: 340 overflow: 0.184288 HPWL: 2686137
[NesterovSolve] Iter: 350 overflow: 0.144714 HPWL: 2699083
[INFO GPL-0100] worst slack 1.46e-08
[INFO GPL-0103] Weighted 15 nets.
[NesterovSolve] Iter: 360 overflow: 0.121719 HPWL: 2717924
[NesterovSolve] Finished with Overflow: 0.099345
Setting global connections for newly added cells…
Writing OpenROAD database to '/openlane/designs/uart_tx/runs/RUN_2025.12.14_11.55.58/tmp/placement/7-global.odb'…
Writing netlist to '/openlane/designs/uart_tx/runs/RUN_2025.12.14_11.55.58/tmp/placement/7-global.nl.v'…
Writing powered netlist to '/openlane/designs/uart_tx/runs/RUN_2025.12.14_11.55.58/tmp/placement/7-global.pnl.v'…
Writing layout to '/openlane/designs/uart_tx/runs/RUN_2025.12.14_11.55.58/tmp/placement/7-global.def'…
